Flutter crash report; please file at https://github.com/flutter/flutter/issues.

## command

flutter --no-color packages get

## exception

_CastError: type 'String' is not a subtype of type 'YamlMap' in type cast

```
#0      _validate (package:flutter_tools/src/flutter_manifest.dart:343:36)
#1      FlutterManifest._createFromYaml (package:flutter_tools/src/flutter_manifest.dart:45:34)
#2      FlutterManifest.createFromString (package:flutter_tools/src/flutter_manifest.dart:40:12)
#3      FlutterManifest.createFromPath (package:flutter_tools/src/flutter_manifest.dart:34:12)
#4      FlutterProject._readManifest (package:flutter_tools/src/project.dart:191:34)
#5      FlutterProjectFactory.fromDirectory.<anonymous closure> (package:flutter_tools/src/project.dart:39:55)
#6      _LinkedHashMapMixin.putIfAbsent (dart:collection-patch/compact_hash.dart:293:23)
#7      FlutterProjectFactory.fromDirectory (package:flutter_tools/src/project.dart:38:22)
#8      FlutterProject.fromDirectory (package:flutter_tools/src/project.dart:70:78)
#9      FlutterProject.fromPath (package:flutter_tools/src/project.dart:78:50)
#10     PackagesGetCommand.usageValues (package:flutter_tools/src/commands/packages.dart:81:55)
#11     FlutterCommand.verifyThenRunCommand (package:flutter_tools/src/runner/flutter_command.dart:609:21)
<asynchronous suspension>
#12     FlutterCommand.run.<anonymous closure> (package:flutter_tools/src/runner/flutter_command.dart:515:33)
<asynchronous suspension>
#13     AppContext.run.<anonymous closure> (package:flutter_tools/src/base/context.dart:146:29)
#14     _rootRun (dart:async/zone.dart:1126:13)
#15     _CustomZone.run (dart:async/zone.dart:1023:19)
#16     _runZoned (dart:async/zone.dart:1518:10)
#17     runZoned (dart:async/zone.dart:1465:12)
#18     AppContext.run (package:flutter_tools/src/base/context.dart:145:18)
#19     FlutterCommand.run (package:flutter_tools/src/runner/flutter_command.dart:505:20)
#20     CommandRunner.runCommand (package:args/command_runner.dart:197:27)
#21     FlutterCommandRunner.runCommand.<anonymous closure> (package:flutter_tools/src/runner/flutter_command_runner.dart:413:21)
<asynchronous suspension>
#22     AppContext.run.<anonymous closure> (package:flutter_tools/src/base/context.dart:146:29)
#23     _rootRun (dart:async/zone.dart:1126:13)
#24     _CustomZone.run (dart:async/zone.dart:1023:19)
#25     _runZoned (dart:async/zone.dart:1518:10)
#26     runZoned (dart:async/zone.dart:1465:12)
#27     AppContext.run (package:flutter_tools/src/base/context.dart:145:18)
#28     FlutterCommandRunner.runCommand (package:flutter_tools/src/runner/flutter_command_runner.dart:364:19)
#29     CommandRunner.run.<anonymous closure> (package:args/command_runner.dart:112:25)
#30     new Future.sync (dart:async/future.dart:224:31)
#31     CommandRunner.run (package:args/command_runner.dart:112:14)
#32     FlutterCommandRunner.run (package:flutter_tools/src/runner/flutter_command_runner.dart:250:18)
#33     run.<anonymous closure>.<anonymous closure> (package:flutter_tools/runner.dart:63:22)
#34     _rootRun (dart:async/zone.dart:1126:13)
#35     _CustomZone.run (dart:async/zone.dart:1023:19)
#36     _runZoned (dart:async/zone.dart:1518:10)
#37     runZoned (dart:async/zone.dart:1502:12)
#38     run.<anonymous closure> (package:flutter_tools/runner.dart:61:18)
<asynchronous suspension>
#39     AppContext.run.<anonymous closure> (package:flutter_tools/src/base/context.dart:146:29)
#40     _rootRun (dart:async/zone.dart:1126:13)
#41     _CustomZone.run (dart:async/zone.dart:1023:19)
#42     _runZoned (dart:async/zone.dart:1518:10)
#43     runZoned (dart:async/zone.dart:1465:12)
#44     AppContext.run (package:flutter_tools/src/base/context.dart:145:18)
#45     runInContext (package:flutter_tools/src/context_runner.dart:64:24)
#46     run (package:flutter_tools/runner.dart:50:10)
#47     main (package:flutter_tools/executable.dart:65:9)
#48     main (file:///Users/apple/Desktop/Flutter/flutter/packages/flutter_tools/bin/flutter_tools.dart:8:3)
#49     _startIsolate.<anonymous closure> (dart:isolate-patch/isolate_patch.dart:305:32)
#50     _RawReceivePortImpl._handleMessage (dart:isolate-patch/isolate_patch.dart:174:12)
```

## flutter doctor

```
[✓] Flutter (Channel stable, v1.12.13+hotfix.5, on Mac OS X 10.15.2 19C57, locale zh-Hans-CN)
    • Flutter version 1.12.13+hotfix.5 at /Users/apple/Desktop/Flutter/flutter
    • Framework revision 27321ebbad (5 weeks ago), 2019-12-10 18:15:01 -0800
    • Engine revision 2994f7e1e6
    • Dart version 2.7.0

[✓] Android toolchain - develop for Android devices (Android SDK version 29.0.2)
    • Android SDK at /Users/apple/Library/Android/sdk
    • Android NDK location not configured (optional; useful for native profiling support)
    • Platform android-29, build-tools 29.0.2
    • Java binary at: /Applications/Android Studio.app/Contents/jre/jdk/Contents/Home/bin/java
    • Java version OpenJDK Runtime Environment (build 1.8.0_202-release-1483-b49-5587405)
    • All Android licenses accepted.

[✓] Xcode - develop for iOS and macOS (Xcode 11.1)
    • Xcode at /Applications/Xcode.app/Contents/Developer
    • Xcode 11.1, Build version 11A1027
    • CocoaPods version 1.8.4

[✓] Android Studio (version 3.5)
    • Android Studio at /Applications/Android Studio.app/Contents
    • Flutter plugin version 42.1.1
    • Dart plugin version 191.8593
    • Java version OpenJDK Runtime Environment (build 1.8.0_202-release-1483-b49-5587405)

[!] IntelliJ IDEA Ultimate Edition (version 2019.2.3)
    • IntelliJ at /Applications/IntelliJ IDEA.app
    ✗ Flutter plugin not installed; this adds Flutter specific functionality.
    ✗ Dart plugin not installed; this adds Dart specific functionality.
    • For information about installing plugins, see
      https://flutter.dev/intellij-setup/#installing-the-plugins

[✓] VS Code (version 1.41.1)
    • VS Code at /Applications/Visual Studio Code.app/Contents
    • Flutter extension version 3.7.1

[✓] Connected device (1 available)
    • iPhone 11 • B2F1D783-A54A-46EF-A81F-8E68088D5BC0 • ios • com.apple.CoreSimulator.SimRuntime.iOS-13-1 (simulator)

! Doctor found issues in 1 category.
```
